app/build/intermediates/manifest_merge_blame_file/debug/manifest-merger-blame-debug-report.txt
1<?xml version="1.0" encoding="utf-8"?>
2<manifest xmlns:android="http://schemas.android.com/apk/res/android"
3    package="com.example.premiertry"
4    android:versionCode="1"
5    android:versionName="1.0" >
6
7    <uses-sdk
8        android:minSdkVersion="21"
8-->src/main/AndroidManifest.xml
9        android:targetSdkVersion="32" />
9-->src/main/AndroidManifest.xml
10
11    <application
11-->src/main/AndroidManifest.xml:5:5-45:19
12        android:allowBackup="true"
12-->src/main/AndroidManifest.xml:6:9-35
13        android:appComponentFactory="androidx.core.app.CoreComponentFactory"
13-->[androidx.core:core:1.5.0] AndroidManifest.xml:24:18-86
14        android:debuggable="true"
15        android:icon="@mipmap/ic_launcher"
15-->src/main/AndroidManifest.xml:7:9-43
16        android:label="@string/app_name"
16-->src/main/AndroidManifest.xml:8:9-41
17        android:roundIcon="@mipmap/ic_launcher_round"
17-->src/main/AndroidManifest.xml:9:9-54
18        android:supportsRtl="true"
18-->src/main/AndroidManifest.xml:10:9-35
19        android:testOnly="true"
20        android:theme="@style/Theme.Premiertry" >
20-->src/main/AndroidManifest.xml:11:9-48
21        <activity
21-->src/main/AndroidManifest.xml:12:9-14:40
22            android:name="com.example.premiertry.signin"
22-->src/main/AndroidManifest.xml:13:13-35
23            android:exported="false" />
23-->src/main/AndroidManifest.xml:14:13-37
24        <activity
24-->src/main/AndroidManifest.xml:15:9-17:40
25            android:name="com.example.premiertry.Singup"
25-->src/main/AndroidManifest.xml:16:13-35
26            android:exported="false" />
26-->src/main/AndroidManifest.xml:17:13-37
27        <activity
27-->src/main/AndroidManifest.xml:18:9-20:40
28            android:name="com.example.premiertry.welcome3"
28-->src/main/AndroidManifest.xml:19:13-37
29            android:exported="false" />
29-->src/main/AndroidManifest.xml:20:13-37
30        <activity
30-->src/main/AndroidManifest.xml:21:9-23:40
31            android:name="com.example.premiertry.welcome2"
31-->src/main/AndroidManifest.xml:22:13-37
32            android:exported="false" />
32-->src/main/AndroidManifest.xml:23:13-37
33        <activity
33-->src/main/AndroidManifest.xml:24:9-26:40
34            android:name="com.example.premiertry.welcome1"
34-->src/main/AndroidManifest.xml:25:13-37
35            android:exported="false" />
35-->src/main/AndroidManifest.xml:26:13-37
36        <activity
36-->src/main/AndroidManifest.xml:27:9-29:39
37            android:name="com.example.premiertry.Profil"
37-->src/main/AndroidManifest.xml:28:13-35
38            android:exported="true" />
38-->src/main/AndroidManifest.xml:29:13-36
39        <activity
39-->src/main/AndroidManifest.xml:30:9-32:40
40            android:name="com.example.premiertry.Protfolio"
40-->src/main/AndroidManifest.xml:31:13-38
41            android:exported="false" />
41-->src/main/AndroidManifest.xml:32:13-37
42        <activity
42-->src/main/AndroidManifest.xml:33:9-35:40
43            android:name="com.example.premiertry.Check_up"
43-->src/main/AndroidManifest.xml:34:13-37
44            android:exported="false" />
44-->src/main/AndroidManifest.xml:35:13-37
45        <activity
45-->src/main/AndroidManifest.xml:36:9-44:20
46            android:name="com.example.premiertry.MainActivity"
46-->src/main/AndroidManifest.xml:37:13-41
47            android:exported="true" >
47-->src/main/AndroidManifest.xml:38:13-36
48            <intent-filter>
48-->src/main/AndroidManifest.xml:39:13-43:29
49                <action android:name="android.intent.action.MAIN" />
49-->src/main/AndroidManifest.xml:40:17-69
49-->src/main/AndroidManifest.xml:40:25-66
50
51                <category android:name="android.intent.category.LAUNCHER" />
51-->src/main/AndroidManifest.xml:42:17-77
51-->src/main/AndroidManifest.xml:42:27-74
52            </intent-filter>
53        </activity>
54    </application>
55
56</manifest>